#
# There is insufficient memory for the Java Runtime Environment to continue.
# Native memory allocation (malloc) failed to allocate 1048576 bytes for AllocateHeap
# Possible reasons:
#   The system is out of physical RAM or swap space
#   In 32 bit mode, the process size limit was hit
# Possible solutions:
#   Reduce memory load on the system
#   Increase physical memory or swap space
#   Check if swap backing store is full
#   Use 64 bit Java on a 64 bit OS
#   Decrease Java heap size (-Xmx/-Xms)
#   Decrease number of Java threads
#   Decrease Java thread stack sizes (-Xss)
#   Set larger code cache with -XX:ReservedCodeCacheSize=
# This output file may be truncated or incomplete.
#
#  Out of Memory Error (memory/allocation.inline.hpp:62), pid=11252, tid=11496
#
# JRE version:  (8.0_25-b18) (build )
# Java VM: Java HotSpot(TM) 64-Bit Server VM (25.25-b02 mixed mode windows-amd64 compressed oops)
# Failed to write core dump. Minidumps are not enabled by default on client versions of Windows
#

---------------  T H R E A D  ---------------

Current thread (0x00000000024e0800):  JavaThread "Unknown thread" [_thread_in_vm, id=11496, stack(0x00000000023d0000,0x00000000024d0000)]

Stack: [0x00000000023d0000,0x00000000024d0000]
Native frames: (J=compiled Java code, j=interpreted, Vv=VM code, C=native code)
V  [jvm.dll+0x31667a]
V  [jvm.dll+0x267073]
V  [jvm.dll+0x267cb3]
V  [jvm.dll+0x25f5b5]
V  [jvm.dll+0x25e60f]
V  [jvm.dll+0x3d616c]
V  [jvm.dll+0x3d1967]
V  [jvm.dll+0xe53f2]
V  [jvm.dll+0x1f9b19]
V  [jvm.dll+0x22b2e4]
V  [jvm.dll+0x14d571]
C  [java.exe+0x20b6]
C  [java.exe+0xc9bb]
C  [java.exe+0xca4f]
C  [KERNEL32.DLL+0x16ad]
C  [ntdll.dll+0x15454]


---------------  P R O C E S S  ---------------

Java Threads: ( => current thread )

Other Threads:

=>0x00000000024e0800 (exited) JavaThread "Unknown thread" [_thread_in_vm, id=11496, stack(0x00000000023d0000,0x00000000024d0000)]

VM state:not at safepoint (normal execution)

VM Mutex/Monitor currently owned by a thread: None

Heap:
 PSYoungGen      total 28672K, used 491K [0x00000000e0800000, 0x00000000e2800000, 0x0000000100000000)
  eden space 24576K, 2% used [0x00000000e0800000,0x00000000e087ae20,0x00000000e2000000)
  from space 4096K, 0% used [0x00000000e2400000,0x00000000e2400000,0x00000000e2800000)
  to   space 4096K, 0% used [0x00000000e2000000,0x00000000e2000000,0x00000000e2400000)
 ParOldGen       total 65536K, used 0K [0x00000000a1800000, 0x00000000a5800000, 0x00000000e0800000)
  object space 65536K, 0% used [0x00000000a1800000,0x00000000a1800000,0x00000000a5800000)
 Metaspace       used 674K, capacity 4480K, committed 4480K, reserved 1056768K
  class space    used 66K, capacity 384K, committed 384K, reserved 1048576K

Card table byte_map: [0x00000000119a0000,0x0000000011ca0000] byte_map_base: 0x0000000011494000

Marking Bits: (ParMarkBitMap*) 0x000000005e71d490
 Begin Bits: [0x00000000122a0000, 0x0000000013a40000)
 End Bits:   [0x0000000013a40000, 0x00000000151e0000)

Polling page: 0x0000000002360000

CodeCache: size=245760Kb used=327Kb max_used=327Kb free=245432Kb
 bounds [0x00000000025e0000, 0x0000000002850000, 0x00000000115e0000]
 total_blobs=56 nmethods=0 adapters=37
 compilation: enabled

Compilation events (0 events):
No events

GC Heap History (0 events):
No events

Deoptimization events (0 events):
No events

Internal exceptions (0 events):
No events

Events (10 events):
Event: 0.851 loading class java/lang/Short
Event: 0.851 loading class java/lang/Short done
Event: 0.851 loading class java/lang/Integer
Event: 0.851 loading class java/lang/Integer done
Event: 0.851 loading class java/lang/Long
Event: 0.852 loading class java/lang/Long done
Event: 0.853 loading class java/lang/NullPointerException
Event: 0.854 loading class java/lang/NullPointerException done
Event: 0.854 loading class java/lang/ArithmeticException
Event: 0.854 loading class java/lang/ArithmeticException done


Dynamic libraries:
0x00007ff6ef450000 - 0x00007ff6ef484000 	C:\Program Files\Java\jdk1.8.0_25\bin\java.exe
0x00007ff81e200000 - 0x00007ff81e3ac000 	C:\Windows\SYSTEM32\ntdll.dll
0x00007ff81cb40000 - 0x00007ff81cc7a000 	C:\Windows\system32\KERNEL32.DLL
0x00007ff81b760000 - 0x00007ff81b86f000 	C:\Windows\system32\KERNELBASE.dll
0x00007ff81a010000 - 0x00007ff81a09e000 	C:\Windows\system32\apphelp.dll
0x00007ffff2bf0000 - 0x00007ffff2c43000 	C:\Windows\AppPatch\AppPatch64\AcGenral.DLL
0x00007ff81ba40000 - 0x00007ff81bae7000 	C:\Windows\system32\msvcrt.dll
0x00007ff81b1f0000 - 0x00007ff81b21b000 	C:\Windows\SYSTEM32\SspiCli.dll
0x00007ff81b9e0000 - 0x00007ff81ba31000 	C:\Windows\system32\SHLWAPI.dll
0x00007ff81c7e0000 - 0x00007ff81c951000 	C:\Windows\system32\USER32.dll
0x00007ff81c970000 - 0x00007ff81cb04000 	C:\Windows\system32\ole32.dll
0x00007ff81cc80000 - 0x00007ff81e198000 	C:\Windows\system32\SHELL32.dll
0x00007ff81aa00000 - 0x00007ff81aa1e000 	C:\Windows\SYSTEM32\USERENV.dll
0x00007ff81c490000 - 0x00007ff81c535000 	C:\Windows\system32\ADVAPI32.dll
0x00007ff80de30000 - 0x00007ff80de4b000 	C:\Windows\SYSTEM32\MPR.dll
0x00007ff81c330000 - 0x00007ff81c471000 	C:\Windows\system32\RPCRT4.dll
0x00007ff81e1a0000 - 0x00007ff81e1f9000 	C:\Windows\SYSTEM32\sechost.dll
0x00007ff81c0b0000 - 0x00007ff81c286000 	C:\Windows\SYSTEM32\combase.dll
0x00007ff81be00000 - 0x00007ff81bf4f000 	C:\Windows\system32\GDI32.dll
0x00007ff81b410000 - 0x00007ff81b424000 	C:\Windows\SYSTEM32\profapi.dll
0x00007ff819920000 - 0x00007ff8199d2000 	C:\Windows\SYSTEM32\SHCORE.dll
0x00007ff81bdc0000 - 0x00007ff81bdf4000 	C:\Windows\system32\IMM32.DLL
0x00007ff81bf50000 - 0x00007ff81c0a2000 	C:\Windows\system32\MSCTF.dll
0x00007ff818d60000 - 0x00007ff818fda000 	C:\Windows\WinSxS\amd64_microsoft.windows.common-controls_6595b64144ccf1df_6.0.9600.17810_none_6240b9c7ecbd0bda\COMCTL32.dll
0x000000005e7a0000 - 0x000000005e872000 	C:\Program Files\Java\jdk1.8.0_25\jre\bin\msvcr100.dll
0x000000005df40000 - 0x000000005e79a000 	C:\Program Files\Java\jdk1.8.0_25\jre\bin\server\jvm.dll
0x00007ff80a400000 - 0x00007ff80a409000 	C:\Windows\SYSTEM32\WSOCK32.dll
0x00007ff804ff0000 - 0x00007ff80500f000 	C:\Windows\SYSTEM32\WINMM.dll
0x00007ff81c960000 - 0x00007ff81c967000 	C:\Windows\system32\PSAPI.DLL
0x00007ff81b980000 - 0x00007ff81b9d8000 	C:\Windows\system32\WS2_32.dll
0x00007ff804fc0000 - 0x00007ff804fea000 	C:\Windows\SYSTEM32\WINMMBASE.dll
0x00007ff81cb10000 - 0x00007ff81cb19000 	C:\Windows\system32\NSI.dll
0x00007ff81b530000 - 0x00007ff81b57a000 	C:\Windows\SYSTEM32\cfgmgr32.dll
0x00007ff81a260000 - 0x00007ff81a286000 	C:\Windows\SYSTEM32\DEVOBJ.dll
0x000000005df30000 - 0x000000005df3f000 	C:\Program Files\Java\jdk1.8.0_25\jre\bin\verify.dll
0x000000005df00000 - 0x000000005df28000 	C:\Program Files\Java\jdk1.8.0_25\jre\bin\java.dll
0x000000005dee0000 - 0x000000005def6000 	C:\Program Files\Java\jdk1.8.0_25\jre\bin\zip.dll
0x00007fffee1d0000 - 0x00007fffee359000 	C:\Windows\SYSTEM32\dbghelp.dll

VM Arguments:
java_command: <unknown>
java_class_path (initial): .
Launcher Type: SUN_STANDARD

Environment Variables:
JAVA_HOME=C:\Program Files\Java\jdk1.8.0_25
PATH=C:\Program Files\Java\jdk1.8.0_25\bin;C:\Users\USER\AppData\Local\Android\apache-ant-1.9.6\bin;C:\Users\USER\AppData\Local\Android\sdk\tools;C:\Users\USER\AppData\Local\Android\sdk\platform-tools;C:\Users\USER\AppData\Local\Android\android-ndk-r11c;C:\Users\USER\AppData\Local\Android\cygwin\bin;C:\WINDOWS\SYSTEM32;c:\Program Files\Java\jdk1.8.0_25\bin
USERNAME=USER
OS=Windows_NT
PROCESSOR_IDENTIFIER=Intel64 Family 6 Model 58 Stepping 9, GenuineIntel



---------------  S Y S T E M  ---------------

OS: Windows 8.1 , 64 bit Build 9600 

CPU:total 4 (2 cores per cpu, 2 threads per core) family 6 model 58 stepping 9, cmov, cx8, fxsr, mmx, sse, sse2, sse3, ssse3, sse4.1, sse4.2, popcnt, avx, aes, clmul, erms, ht, tsc, tscinvbit, tscinv

Memory: 4k page, physical 6185680k(973388k free), swap 9331408k(5720k free)

vm_info: Java HotSpot(TM) 64-Bit Server VM (25.25-b02) for windows-amd64 JRE (1.8.0_25-b18), built on Oct  7 2014 14:25:37 by "java_re" with MS VC++ 10.0 (VS2010)

time: Fri May 06 18:05:26 2016
elapsed time: 1 seconds (0d 0h 0m 1s)

