#
# There is insufficient memory for the Java Runtime Environment to continue.
# Native memory allocation (malloc) failed to allocate 1048576 bytes for AllocateHeap
# Possible reasons:
#   The system is out of physical RAM or swap space
#   In 32 bit mode, the process size limit was hit
# Possible solutions:
#   Reduce memory load on the system
#   Increase physical memory or swap space
#   Check if swap backing store is full
#   Use 64 bit Java on a 64 bit OS
#   Decrease Java heap size (-Xmx/-Xms)
#   Decrease number of Java threads
#   Decrease Java thread stack sizes (-Xss)
#   Set larger code cache with -XX:ReservedCodeCacheSize=
# This output file may be truncated or incomplete.
#
#  Out of Memory Error (memory/allocation.inline.hpp:62), pid=6708, tid=5596
#
# JRE version:  (8.0_25-b18) (build )
# Java VM: Java HotSpot(TM) 64-Bit Server VM (25.25-b02 mixed mode windows-amd64 compressed oops)
# Failed to write core dump. Minidumps are not enabled by default on client versions of Windows
#

---------------  T H R E A D  ---------------

Current thread (0x00000000024c1000):  JavaThread "Unknown thread" [_thread_in_vm, id=5596, stack(0x00000000023c0000,0x00000000024c0000)]

Stack: [0x00000000023c0000,0x00000000024c0000]
Native frames: (J=compiled Java code, j=interpreted, Vv=VM code, C=native code)
V  [jvm.dll+0x31667a]
V  [jvm.dll+0x267073]
V  [jvm.dll+0x267cb3]
V  [jvm.dll+0x25f5b5]
V  [jvm.dll+0x3defbf]
V  [jvm.dll+0x3dfaff]
V  [jvm.dll+0x3dfc14]
V  [jvm.dll+0x3dfde3]
V  [jvm.dll+0xe53f2]
V  [jvm.dll+0x1f9b19]
V  [jvm.dll+0x22b2e4]
V  [jvm.dll+0x14d571]
C  [java.exe+0x20b6]
C  [java.exe+0xc9bb]
C  [java.exe+0xca4f]
C  [KERNEL32.DLL+0x16ad]
C  [ntdll.dll+0x15454]


---------------  P R O C E S S  ---------------

Java Threads: ( => current thread )

Other Threads:

=>0x00000000024c1000 (exited) JavaThread "Unknown thread" [_thread_in_vm, id=5596, stack(0x00000000023c0000,0x00000000024c0000)]

VM state:not at safepoint (normal execution)

VM Mutex/Monitor currently owned by a thread: None

Heap:
 PSYoungGen      total 28672K, used 491K [0x00000000e0800000, 0x00000000e2800000, 0x0000000100000000)
  eden space 24576K, 2% used [0x00000000e0800000,0x00000000e087ae20,0x00000000e2000000)
  from space 4096K, 0% used [0x00000000e2400000,0x00000000e2400000,0x00000000e2800000)
  to   space 4096K, 0% used [0x00000000e2000000,0x00000000e2000000,0x00000000e2400000)
 ParOldGen       total 65536K, used 0K [0x00000000a1800000, 0x00000000a5800000, 0x00000000e0800000)
  object space 65536K, 0% used [0x00000000a1800000,0x00000000a1800000,0x00000000a5800000)
 Metaspace       used 654K, capacity 4480K, committed 4480K, reserved 1056768K
  class space    used 66K, capacity 384K, committed 384K, reserved 1048576K

Card table byte_map: [0x0000000011980000,0x0000000011c80000] byte_map_base: 0x0000000011474000

Marking Bits: (ParMarkBitMap*) 0x00000000522ad490
 Begin Bits: [0x0000000012280000, 0x0000000013a20000)
 End Bits:   [0x0000000013a20000, 0x00000000151c0000)

Polling page: 0x0000000002280000

CodeCache: size=245760Kb used=327Kb max_used=327Kb free=245432Kb
 bounds [0x00000000025c0000, 0x0000000002830000, 0x00000000115c0000]
 total_blobs=56 nmethods=0 adapters=37
 compilation: enabled

Compilation events (0 events):
No events

GC Heap History (0 events):
No events

Deoptimization events (0 events):
No events

Internal exceptions (0 events):
No events

Events (10 events):
Event: 1.369 loading class java/lang/Short
Event: 1.369 loading class java/lang/Short done
Event: 1.369 loading class java/lang/Integer
Event: 1.370 loading class java/lang/Integer done
Event: 1.370 loading class java/lang/Long
Event: 1.371 loading class java/lang/Long done
Event: 1.436 loading class java/lang/NullPointerException
Event: 1.436 loading class java/lang/NullPointerException done
Event: 1.436 loading class java/lang/ArithmeticException
Event: 1.436 loading class java/lang/ArithmeticException done


Dynamic libraries:
0x00007ff6ae610000 - 0x00007ff6ae644000 	C:\Program Files\Java\jre1.8.0_25\bin\java.exe
0x00007ffbe1b40000 - 0x00007ffbe1cec000 	C:\Windows\SYSTEM32\ntdll.dll
0x00007ffbe0b80000 - 0x00007ffbe0cba000 	C:\Windows\system32\KERNEL32.DLL
0x00007ffbdee70000 - 0x00007ffbdef7f000 	C:\Windows\system32\KERNELBASE.dll
0x00007ffbdd950000 - 0x00007ffbdd9de000 	C:\Windows\system32\apphelp.dll
0x00007ffbb53f0000 - 0x00007ffbb5443000 	C:\Windows\AppPatch\AppPatch64\AcGenral.DLL
0x00007ffbe1280000 - 0x00007ffbe1327000 	C:\Windows\system32\msvcrt.dll
0x00007ffbdeb20000 - 0x00007ffbdeb4b000 	C:\Windows\SYSTEM32\SspiCli.dll
0x00007ffbdf420000 - 0x00007ffbdf471000 	C:\Windows\system32\SHLWAPI.dll
0x00007ffbdf260000 - 0x00007ffbdf3d1000 	C:\Windows\system32\USER32.dll
0x00007ffbe0ea0000 - 0x00007ffbe1034000 	C:\Windows\system32\ole32.dll
0x00007ffbdf480000 - 0x00007ffbe0998000 	C:\Windows\system32\SHELL32.dll
0x00007ffbde300000 - 0x00007ffbde31e000 	C:\Windows\SYSTEM32\USERENV.dll
0x00007ffbe1510000 - 0x00007ffbe15b5000 	C:\Windows\system32\ADVAPI32.dll
0x00007ffbd3ec0000 - 0x00007ffbd3edb000 	C:\Windows\SYSTEM32\MPR.dll
0x00007ffbe1780000 - 0x00007ffbe18c1000 	C:\Windows\system32\RPCRT4.dll
0x00007ffbe1980000 - 0x00007ffbe19d9000 	C:\Windows\SYSTEM32\sechost.dll
0x00007ffbe1330000 - 0x00007ffbe1506000 	C:\Windows\SYSTEM32\combase.dll
0x00007ffbe19e0000 - 0x00007ffbe1b2f000 	C:\Windows\system32\GDI32.dll
0x00007ffbded50000 - 0x00007ffbded64000 	C:\Windows\SYSTEM32\profapi.dll
0x00007ffbdd2e0000 - 0x00007ffbdd392000 	C:\Windows\SYSTEM32\SHCORE.dll
0x00007ffbdf3e0000 - 0x00007ffbdf414000 	C:\Windows\system32\IMM32.DLL
0x00007ffbe15c0000 - 0x00007ffbe1712000 	C:\Windows\system32\MSCTF.dll
0x00007ffbdcb50000 - 0x00007ffbdcdca000 	C:\Windows\WinSxS\amd64_microsoft.windows.common-controls_6595b64144ccf1df_6.0.9600.17810_none_6240b9c7ecbd0bda\COMCTL32.dll
0x0000000052330000 - 0x0000000052402000 	C:\Program Files\Java\jre1.8.0_25\bin\msvcr100.dll
0x0000000051ad0000 - 0x000000005232a000 	C:\Program Files\Java\jre1.8.0_25\bin\server\jvm.dll
0x00007ffbcd840000 - 0x00007ffbcd849000 	C:\Windows\SYSTEM32\WSOCK32.dll
0x00007ffbc88c0000 - 0x00007ffbc88df000 	C:\Windows\SYSTEM32\WINMM.dll
0x00007ffbe1b30000 - 0x00007ffbe1b37000 	C:\Windows\system32\PSAPI.DLL
0x00007ffbe1040000 - 0x00007ffbe1098000 	C:\Windows\system32\WS2_32.dll
0x00007ffbc87e0000 - 0x00007ffbc880a000 	C:\Windows\SYSTEM32\WINMMBASE.dll
0x00007ffbe0b70000 - 0x00007ffbe0b79000 	C:\Windows\system32\NSI.dll
0x00007ffbdf160000 - 0x00007ffbdf1aa000 	C:\Windows\SYSTEM32\cfgmgr32.dll
0x00007ffbddbb0000 - 0x00007ffbddbd6000 	C:\Windows\SYSTEM32\DEVOBJ.dll
0x0000000054ee0000 - 0x0000000054eef000 	C:\Program Files\Java\jre1.8.0_25\bin\verify.dll
0x0000000054840000 - 0x0000000054868000 	C:\Program Files\Java\jre1.8.0_25\bin\java.dll
0x0000000054820000 - 0x0000000054836000 	C:\Program Files\Java\jre1.8.0_25\bin\zip.dll
0x00007ffbbd0b0000 - 0x00007ffbbd239000 	C:\Windows\SYSTEM32\dbghelp.dll

VM Arguments:
java_command: <unknown>
java_class_path (initial): .
Launcher Type: SUN_STANDARD

Environment Variables:
JAVA_HOME=C:\Program Files\Java\jdk1.8.0_25
PATH=C:\oraclexe\app\oracle\product\11.2.0\server\bin;C:\ProgramData\Oracle\Java\javapath;C:\Windows\system32;C:\Windows;C:\Windows\System32\Wbem;C:\Windows\System32\WindowsPowerShell\v1.0\;C:\Program Files (x86)\Microsoft SQL Server\100\Tools\Binn\;C:\Program Files\Microsoft SQL Server\100\Tools\Binn\;C:\Program Files\Microsoft SQL Server\100\DTS\Binn\;C:\Program Files (x86)\GtkSharp\2.12\bin;C:\Program Files (x86)\NVIDIA Corporation\Cg\bin;C:\Program Files (x86)\NVIDIA Corporation\Cg\bin.x64;C:\Program Files\TortoiseSVN\bin;C:\Program Files\Microsoft SQL Server\110\DTS\Binn\;C:\Program Files (x86)\Microsoft SQL Server\110\Tools\Binn\;C:\Program Files\Microsoft SQL Server\110\Tools\Binn\;C:\Program Files (x86)\Microsoft SQL Server\110\Tools\Binn\ManagementStudio\;C:\Program Files (x86)\Microsoft Visual Studio 10.0\Common7\IDE\PrivateAssemblies\;C:\Program Files (x86)\Microsoft SQL Server\110\DTS\Binn\;C:\Program Files (x86)\Microsoft SQL Server\100\Tools\Binn\VSShell\Common7\IDE\;C:\Program Files (x86)\Microsoft SQL Server\100\DTS\Binn\;C:\Program Files (x86)\Microsoft Visual Studio 9.0\Common7\IDE\PrivateAssemblies\;
USERNAME=USER
OS=Windows_NT
PROCESSOR_IDENTIFIER=Intel64 Family 6 Model 58 Stepping 9, GenuineIntel



---------------  S Y S T E M  ---------------

OS: Windows 8.1 , 64 bit Build 9600 

CPU:total 4 (2 cores per cpu, 2 threads per core) family 6 model 58 stepping 9, cmov, cx8, fxsr, mmx, sse, sse2, sse3, ssse3, sse4.1, sse4.2, popcnt, avx, aes, clmul, erms, ht, tsc, tscinvbit, tscinv

Memory: 4k page, physical 6185680k(982184k free), swap 9331408k(20352k free)

vm_info: Java HotSpot(TM) 64-Bit Server VM (25.25-b02) for windows-amd64 JRE (1.8.0_25-b18), built on Oct  7 2014 14:25:37 by "java_re" with MS VC++ 10.0 (VS2010)

time: Sat Mar 12 11:58:01 2016
elapsed time: 1 seconds (0d 0h 0m 1s)

